ERROR - 2025-12-04 13:11:15 --> Failed to send order emails: Undefined array key "first_name"
ERROR - 2025-12-04 13:14:47 --> mysqli_sql_exception: Duplicate column name 'estimated_arrival' in /home/tlouelea/domains/truckersafrica.com/public_html/system/Database/MySQLi/Connection.php:306
Stack trace:
#0 /home/tlouelea/domains/truckersafrica.com/public_html/system/Database/MySQLi/Connection.php(306): mysqli->query()
#1 /home/tlouelea/domains/truckersafrica.com/public_html/system/Database/BaseConnection.php(693): CodeIgniter\Database\MySQLi\Connection->execute()
#2 /home/tlouelea/domains/truckersafrica.com/public_html/system/Database/BaseConnection.php(607): CodeIgniter\Database\BaseConnection->simpleQuery()
#3 /home/tlouelea/domains/truckersafrica.com/public_html/system/Database/BaseBuilder.php(1700): CodeIgniter\Database\BaseConnection->query()
#4 /home/tlouelea/domains/truckersafrica.com/public_html/system/Model.php(624): CodeIgniter\Database\BaseBuilder->countAllResults()
#5 /home/tlouelea/domains/truckersafrica.com/public_html/system/BaseModel.php(1239): CodeIgniter\Model->countAllResults()
#6 /home/tlouelea/domains/truckersafrica.com/public_html/app/Controllers/MerchantDashboard.php(127): CodeIgniter\BaseModel->paginate()
#7 /home/tlouelea/domains/truckersafrica.com/public_html/system/CodeIgniter.php(941): App\Controllers\MerchantDashboard->orders()
#8 /home/tlouelea/domains/truckersafrica.com/public_html/system/CodeIgniter.php(502): CodeIgniter\CodeIgniter->runController()
#9 /home/tlouelea/domains/truckersafrica.com/public_html/system/CodeIgniter.php(361): CodeIgniter\CodeIgniter->handleRequest()
#10 /home/tlouelea/domains/truckersafrica.com/public_html/index.php(83): CodeIgniter\CodeIgniter->run()
#11 {main}
CRITICAL - 2025-12-04 13:14:47 --> CodeIgniter\Database\Exceptions\DatabaseException: Duplicate column name 'estimated_arrival'
in SYSTEMPATH/Database/BaseConnection.php on line 647.
 1 SYSTEMPATH/Database/BaseBuilder.php(1700): CodeIgniter\Database\BaseConnection->query()
 2 SYSTEMPATH/Model.php(624): CodeIgniter\Database\BaseBuilder->countAllResults()
 3 SYSTEMPATH/BaseModel.php(1239): CodeIgniter\Model->countAllResults()
 4 APPPATH/Controllers/MerchantDashboard.php(127): CodeIgniter\BaseModel->paginate()
 5 SYSTEMPATH/CodeIgniter.php(941): App\Controllers\MerchantDashboard->orders()
 6 SYSTEMPATH/CodeIgniter.php(502): CodeIgniter\CodeIgniter->runController()
 7 SYSTEMPATH/CodeIgniter.php(361): CodeIgniter\CodeIgniter->handleRequest()
 8 FCPATH/index.php(83): CodeIgniter\CodeIgniter->run()
CRITICAL - 2025-12-04 13:14:47 --> [Caused by] CodeIgniter\Database\Exceptions\DatabaseException: Duplicate column name 'estimated_arrival'
in SYSTEMPATH/Database/MySQLi/Connection.php on line 311.
 1 SYSTEMPATH/Database/BaseConnection.php(693): CodeIgniter\Database\MySQLi\Connection->execute()
 2 SYSTEMPATH/Database/BaseConnection.php(607): CodeIgniter\Database\BaseConnection->simpleQuery()
 3 SYSTEMPATH/Database/BaseBuilder.php(1700): CodeIgniter\Database\BaseConnection->query()
 4 SYSTEMPATH/Model.php(624): CodeIgniter\Database\BaseBuilder->countAllResults()
 5 SYSTEMPATH/BaseModel.php(1239): CodeIgniter\Model->countAllResults()
 6 APPPATH/Controllers/MerchantDashboard.php(127): CodeIgniter\BaseModel->paginate()
 7 SYSTEMPATH/CodeIgniter.php(941): App\Controllers\MerchantDashboard->orders()
 8 SYSTEMPATH/CodeIgniter.php(502): CodeIgniter\CodeIgniter->runController()
 9 SYSTEMPATH/CodeIgniter.php(361): CodeIgniter\CodeIgniter->handleRequest()
10 FCPATH/index.php(83): CodeIgniter\CodeIgniter->run()
CRITICAL - 2025-12-04 13:14:47 --> [Caused by] mysqli_sql_exception: Duplicate column name 'estimated_arrival'
in SYSTEMPATH/Database/MySQLi/Connection.php on line 306.
 1 SYSTEMPATH/Database/MySQLi/Connection.php(306): mysqli->query()
 2 SYSTEMPATH/Database/BaseConnection.php(693): CodeIgniter\Database\MySQLi\Connection->execute()
 3 SYSTEMPATH/Database/BaseConnection.php(607): CodeIgniter\Database\BaseConnection->simpleQuery()
 4 SYSTEMPATH/Database/BaseBuilder.php(1700): CodeIgniter\Database\BaseConnection->query()
 5 SYSTEMPATH/Model.php(624): CodeIgniter\Database\BaseBuilder->countAllResults()
 6 SYSTEMPATH/BaseModel.php(1239): CodeIgniter\Model->countAllResults()
 7 APPPATH/Controllers/MerchantDashboard.php(127): CodeIgniter\BaseModel->paginate()
 8 SYSTEMPATH/CodeIgniter.php(941): App\Controllers\MerchantDashboard->orders()
 9 SYSTEMPATH/CodeIgniter.php(502): CodeIgniter\CodeIgniter->runController()
10 SYSTEMPATH/CodeIgniter.php(361): CodeIgniter\CodeIgniter->handleRequest()
11 FCPATH/index.php(83): CodeIgniter\CodeIgniter->run()
ERROR - 2025-12-04 13:15:03 --> mysqli_sql_exception: Duplicate column name 'estimated_arrival' in /home/tlouelea/domains/truckersafrica.com/public_html/system/Database/MySQLi/Connection.php:306
Stack trace:
#0 /home/tlouelea/domains/truckersafrica.com/public_html/system/Database/MySQLi/Connection.php(306): mysqli->query()
#1 /home/tlouelea/domains/truckersafrica.com/public_html/system/Database/BaseConnection.php(693): CodeIgniter\Database\MySQLi\Connection->execute()
#2 /home/tlouelea/domains/truckersafrica.com/public_html/system/Database/BaseConnection.php(607): CodeIgniter\Database\BaseConnection->simpleQuery()
#3 /home/tlouelea/domains/truckersafrica.com/public_html/system/Database/BaseBuilder.php(1700): CodeIgniter\Database\BaseConnection->query()
#4 /home/tlouelea/domains/truckersafrica.com/public_html/system/Model.php(624): CodeIgniter\Database\BaseBuilder->countAllResults()
#5 /home/tlouelea/domains/truckersafrica.com/public_html/system/BaseModel.php(1239): CodeIgniter\Model->countAllResults()
#6 /home/tlouelea/domains/truckersafrica.com/public_html/app/Controllers/MerchantDashboard.php(127): CodeIgniter\BaseModel->paginate()
#7 /home/tlouelea/domains/truckersafrica.com/public_html/system/CodeIgniter.php(941): App\Controllers\MerchantDashboard->orders()
#8 /home/tlouelea/domains/truckersafrica.com/public_html/system/CodeIgniter.php(502): CodeIgniter\CodeIgniter->runController()
#9 /home/tlouelea/domains/truckersafrica.com/public_html/system/CodeIgniter.php(361): CodeIgniter\CodeIgniter->handleRequest()
#10 /home/tlouelea/domains/truckersafrica.com/public_html/index.php(83): CodeIgniter\CodeIgniter->run()
#11 {main}
CRITICAL - 2025-12-04 13:15:03 --> CodeIgniter\Database\Exceptions\DatabaseException: Duplicate column name 'estimated_arrival'
in SYSTEMPATH/Database/BaseConnection.php on line 647.
 1 SYSTEMPATH/Database/BaseBuilder.php(1700): CodeIgniter\Database\BaseConnection->query()
 2 SYSTEMPATH/Model.php(624): CodeIgniter\Database\BaseBuilder->countAllResults()
 3 SYSTEMPATH/BaseModel.php(1239): CodeIgniter\Model->countAllResults()
 4 APPPATH/Controllers/MerchantDashboard.php(127): CodeIgniter\BaseModel->paginate()
 5 SYSTEMPATH/CodeIgniter.php(941): App\Controllers\MerchantDashboard->orders()
 6 SYSTEMPATH/CodeIgniter.php(502): CodeIgniter\CodeIgniter->runController()
 7 SYSTEMPATH/CodeIgniter.php(361): CodeIgniter\CodeIgniter->handleRequest()
 8 FCPATH/index.php(83): CodeIgniter\CodeIgniter->run()
CRITICAL - 2025-12-04 13:15:03 --> [Caused by] CodeIgniter\Database\Exceptions\DatabaseException: Duplicate column name 'estimated_arrival'
in SYSTEMPATH/Database/MySQLi/Connection.php on line 311.
 1 SYSTEMPATH/Database/BaseConnection.php(693): CodeIgniter\Database\MySQLi\Connection->execute()
 2 SYSTEMPATH/Database/BaseConnection.php(607): CodeIgniter\Database\BaseConnection->simpleQuery()
 3 SYSTEMPATH/Database/BaseBuilder.php(1700): CodeIgniter\Database\BaseConnection->query()
 4 SYSTEMPATH/Model.php(624): CodeIgniter\Database\BaseBuilder->countAllResults()
 5 SYSTEMPATH/BaseModel.php(1239): CodeIgniter\Model->countAllResults()
 6 APPPATH/Controllers/MerchantDashboard.php(127): CodeIgniter\BaseModel->paginate()
 7 SYSTEMPATH/CodeIgniter.php(941): App\Controllers\MerchantDashboard->orders()
 8 SYSTEMPATH/CodeIgniter.php(502): CodeIgniter\CodeIgniter->runController()
 9 SYSTEMPATH/CodeIgniter.php(361): CodeIgniter\CodeIgniter->handleRequest()
10 FCPATH/index.php(83): CodeIgniter\CodeIgniter->run()
CRITICAL - 2025-12-04 13:15:03 --> [Caused by] mysqli_sql_exception: Duplicate column name 'estimated_arrival'
in SYSTEMPATH/Database/MySQLi/Connection.php on line 306.
 1 SYSTEMPATH/Database/MySQLi/Connection.php(306): mysqli->query()
 2 SYSTEMPATH/Database/BaseConnection.php(693): CodeIgniter\Database\MySQLi\Connection->execute()
 3 SYSTEMPATH/Database/BaseConnection.php(607): CodeIgniter\Database\BaseConnection->simpleQuery()
 4 SYSTEMPATH/Database/BaseBuilder.php(1700): CodeIgniter\Database\BaseConnection->query()
 5 SYSTEMPATH/Model.php(624): CodeIgniter\Database\BaseBuilder->countAllResults()
 6 SYSTEMPATH/BaseModel.php(1239): CodeIgniter\Model->countAllResults()
 7 APPPATH/Controllers/MerchantDashboard.php(127): CodeIgniter\BaseModel->paginate()
 8 SYSTEMPATH/CodeIgniter.php(941): App\Controllers\MerchantDashboard->orders()
 9 SYSTEMPATH/CodeIgniter.php(502): CodeIgniter\CodeIgniter->runController()
10 SYSTEMPATH/CodeIgniter.php(361): CodeIgniter\CodeIgniter->handleRequest()
11 FCPATH/index.php(83): CodeIgniter\CodeIgniter->run()
ERROR - 2025-12-04 13:15:12 --> mysqli_sql_exception: Duplicate column name 'estimated_arrival' in /home/tlouelea/domains/truckersafrica.com/public_html/system/Database/MySQLi/Connection.php:306
Stack trace:
#0 /home/tlouelea/domains/truckersafrica.com/public_html/system/Database/MySQLi/Connection.php(306): mysqli->query()
#1 /home/tlouelea/domains/truckersafrica.com/public_html/system/Database/BaseConnection.php(693): CodeIgniter\Database\MySQLi\Connection->execute()
#2 /home/tlouelea/domains/truckersafrica.com/public_html/system/Database/BaseConnection.php(607): CodeIgniter\Database\BaseConnection->simpleQuery()
#3 /home/tlouelea/domains/truckersafrica.com/public_html/system/Database/BaseBuilder.php(1700): CodeIgniter\Database\BaseConnection->query()
#4 /home/tlouelea/domains/truckersafrica.com/public_html/system/Model.php(624): CodeIgniter\Database\BaseBuilder->countAllResults()
#5 /home/tlouelea/domains/truckersafrica.com/public_html/system/BaseModel.php(1239): CodeIgniter\Model->countAllResults()
#6 /home/tlouelea/domains/truckersafrica.com/public_html/app/Controllers/MerchantDashboard.php(127): CodeIgniter\BaseModel->paginate()
#7 /home/tlouelea/domains/truckersafrica.com/public_html/system/CodeIgniter.php(941): App\Controllers\MerchantDashboard->orders()
#8 /home/tlouelea/domains/truckersafrica.com/public_html/system/CodeIgniter.php(502): CodeIgniter\CodeIgniter->runController()
#9 /home/tlouelea/domains/truckersafrica.com/public_html/system/CodeIgniter.php(361): CodeIgniter\CodeIgniter->handleRequest()
#10 /home/tlouelea/domains/truckersafrica.com/public_html/index.php(83): CodeIgniter\CodeIgniter->run()
#11 {main}
CRITICAL - 2025-12-04 13:15:12 --> CodeIgniter\Database\Exceptions\DatabaseException: Duplicate column name 'estimated_arrival'
in SYSTEMPATH/Database/BaseConnection.php on line 647.
 1 SYSTEMPATH/Database/BaseBuilder.php(1700): CodeIgniter\Database\BaseConnection->query()
 2 SYSTEMPATH/Model.php(624): CodeIgniter\Database\BaseBuilder->countAllResults()
 3 SYSTEMPATH/BaseModel.php(1239): CodeIgniter\Model->countAllResults()
 4 APPPATH/Controllers/MerchantDashboard.php(127): CodeIgniter\BaseModel->paginate()
 5 SYSTEMPATH/CodeIgniter.php(941): App\Controllers\MerchantDashboard->orders()
 6 SYSTEMPATH/CodeIgniter.php(502): CodeIgniter\CodeIgniter->runController()
 7 SYSTEMPATH/CodeIgniter.php(361): CodeIgniter\CodeIgniter->handleRequest()
 8 FCPATH/index.php(83): CodeIgniter\CodeIgniter->run()
CRITICAL - 2025-12-04 13:15:12 --> [Caused by] CodeIgniter\Database\Exceptions\DatabaseException: Duplicate column name 'estimated_arrival'
in SYSTEMPATH/Database/MySQLi/Connection.php on line 311.
 1 SYSTEMPATH/Database/BaseConnection.php(693): CodeIgniter\Database\MySQLi\Connection->execute()
 2 SYSTEMPATH/Database/BaseConnection.php(607): CodeIgniter\Database\BaseConnection->simpleQuery()
 3 SYSTEMPATH/Database/BaseBuilder.php(1700): CodeIgniter\Database\BaseConnection->query()
 4 SYSTEMPATH/Model.php(624): CodeIgniter\Database\BaseBuilder->countAllResults()
 5 SYSTEMPATH/BaseModel.php(1239): CodeIgniter\Model->countAllResults()
 6 APPPATH/Controllers/MerchantDashboard.php(127): CodeIgniter\BaseModel->paginate()
 7 SYSTEMPATH/CodeIgniter.php(941): App\Controllers\MerchantDashboard->orders()
 8 SYSTEMPATH/CodeIgniter.php(502): CodeIgniter\CodeIgniter->runController()
 9 SYSTEMPATH/CodeIgniter.php(361): CodeIgniter\CodeIgniter->handleRequest()
10 FCPATH/index.php(83): CodeIgniter\CodeIgniter->run()
CRITICAL - 2025-12-04 13:15:12 --> [Caused by] mysqli_sql_exception: Duplicate column name 'estimated_arrival'
in SYSTEMPATH/Database/MySQLi/Connection.php on line 306.
 1 SYSTEMPATH/Database/MySQLi/Connection.php(306): mysqli->query()
 2 SYSTEMPATH/Database/BaseConnection.php(693): CodeIgniter\Database\MySQLi\Connection->execute()
 3 SYSTEMPATH/Database/BaseConnection.php(607): CodeIgniter\Database\BaseConnection->simpleQuery()
 4 SYSTEMPATH/Database/BaseBuilder.php(1700): CodeIgniter\Database\BaseConnection->query()
 5 SYSTEMPATH/Model.php(624): CodeIgniter\Database\BaseBuilder->countAllResults()
 6 SYSTEMPATH/BaseModel.php(1239): CodeIgniter\Model->countAllResults()
 7 APPPATH/Controllers/MerchantDashboard.php(127): CodeIgniter\BaseModel->paginate()
 8 SYSTEMPATH/CodeIgniter.php(941): App\Controllers\MerchantDashboard->orders()
 9 SYSTEMPATH/CodeIgniter.php(502): CodeIgniter\CodeIgniter->runController()
10 SYSTEMPATH/CodeIgniter.php(361): CodeIgniter\CodeIgniter->handleRequest()
11 FCPATH/index.php(83): CodeIgniter\CodeIgniter->run()
ERROR - 2025-12-04 13:15:17 --> mysqli_sql_exception: Duplicate column name 'estimated_arrival' in /home/tlouelea/domains/truckersafrica.com/public_html/system/Database/MySQLi/Connection.php:306
Stack trace:
#0 /home/tlouelea/domains/truckersafrica.com/public_html/system/Database/MySQLi/Connection.php(306): mysqli->query()
#1 /home/tlouelea/domains/truckersafrica.com/public_html/system/Database/BaseConnection.php(693): CodeIgniter\Database\MySQLi\Connection->execute()
#2 /home/tlouelea/domains/truckersafrica.com/public_html/system/Database/BaseConnection.php(607): CodeIgniter\Database\BaseConnection->simpleQuery()
#3 /home/tlouelea/domains/truckersafrica.com/public_html/system/Database/BaseBuilder.php(1700): CodeIgniter\Database\BaseConnection->query()
#4 /home/tlouelea/domains/truckersafrica.com/public_html/system/Model.php(624): CodeIgniter\Database\BaseBuilder->countAllResults()
#5 /home/tlouelea/domains/truckersafrica.com/public_html/system/BaseModel.php(1239): CodeIgniter\Model->countAllResults()
#6 /home/tlouelea/domains/truckersafrica.com/public_html/app/Controllers/MerchantDashboard.php(127): CodeIgniter\BaseModel->paginate()
#7 /home/tlouelea/domains/truckersafrica.com/public_html/system/CodeIgniter.php(941): App\Controllers\MerchantDashboard->orders()
#8 /home/tlouelea/domains/truckersafrica.com/public_html/system/CodeIgniter.php(502): CodeIgniter\CodeIgniter->runController()
#9 /home/tlouelea/domains/truckersafrica.com/public_html/system/CodeIgniter.php(361): CodeIgniter\CodeIgniter->handleRequest()
#10 /home/tlouelea/domains/truckersafrica.com/public_html/index.php(83): CodeIgniter\CodeIgniter->run()
#11 {main}
CRITICAL - 2025-12-04 13:15:17 --> CodeIgniter\Database\Exceptions\DatabaseException: Duplicate column name 'estimated_arrival'
in SYSTEMPATH/Database/BaseConnection.php on line 647.
 1 SYSTEMPATH/Database/BaseBuilder.php(1700): CodeIgniter\Database\BaseConnection->query()
 2 SYSTEMPATH/Model.php(624): CodeIgniter\Database\BaseBuilder->countAllResults()
 3 SYSTEMPATH/BaseModel.php(1239): CodeIgniter\Model->countAllResults()
 4 APPPATH/Controllers/MerchantDashboard.php(127): CodeIgniter\BaseModel->paginate()
 5 SYSTEMPATH/CodeIgniter.php(941): App\Controllers\MerchantDashboard->orders()
 6 SYSTEMPATH/CodeIgniter.php(502): CodeIgniter\CodeIgniter->runController()
 7 SYSTEMPATH/CodeIgniter.php(361): CodeIgniter\CodeIgniter->handleRequest()
 8 FCPATH/index.php(83): CodeIgniter\CodeIgniter->run()
CRITICAL - 2025-12-04 13:15:17 --> [Caused by] CodeIgniter\Database\Exceptions\DatabaseException: Duplicate column name 'estimated_arrival'
in SYSTEMPATH/Database/MySQLi/Connection.php on line 311.
 1 SYSTEMPATH/Database/BaseConnection.php(693): CodeIgniter\Database\MySQLi\Connection->execute()
 2 SYSTEMPATH/Database/BaseConnection.php(607): CodeIgniter\Database\BaseConnection->simpleQuery()
 3 SYSTEMPATH/Database/BaseBuilder.php(1700): CodeIgniter\Database\BaseConnection->query()
 4 SYSTEMPATH/Model.php(624): CodeIgniter\Database\BaseBuilder->countAllResults()
 5 SYSTEMPATH/BaseModel.php(1239): CodeIgniter\Model->countAllResults()
 6 APPPATH/Controllers/MerchantDashboard.php(127): CodeIgniter\BaseModel->paginate()
 7 SYSTEMPATH/CodeIgniter.php(941): App\Controllers\MerchantDashboard->orders()
 8 SYSTEMPATH/CodeIgniter.php(502): CodeIgniter\CodeIgniter->runController()
 9 SYSTEMPATH/CodeIgniter.php(361): CodeIgniter\CodeIgniter->handleRequest()
10 FCPATH/index.php(83): CodeIgniter\CodeIgniter->run()
CRITICAL - 2025-12-04 13:15:17 --> [Caused by] mysqli_sql_exception: Duplicate column name 'estimated_arrival'
in SYSTEMPATH/Database/MySQLi/Connection.php on line 306.
 1 SYSTEMPATH/Database/MySQLi/Connection.php(306): mysqli->query()
 2 SYSTEMPATH/Database/BaseConnection.php(693): CodeIgniter\Database\MySQLi\Connection->execute()
 3 SYSTEMPATH/Database/BaseConnection.php(607): CodeIgniter\Database\BaseConnection->simpleQuery()
 4 SYSTEMPATH/Database/BaseBuilder.php(1700): CodeIgniter\Database\BaseConnection->query()
 5 SYSTEMPATH/Model.php(624): CodeIgniter\Database\BaseBuilder->countAllResults()
 6 SYSTEMPATH/BaseModel.php(1239): CodeIgniter\Model->countAllResults()
 7 APPPATH/Controllers/MerchantDashboard.php(127): CodeIgniter\BaseModel->paginate()
 8 SYSTEMPATH/CodeIgniter.php(941): App\Controllers\MerchantDashboard->orders()
 9 SYSTEMPATH/CodeIgniter.php(502): CodeIgniter\CodeIgniter->runController()
10 SYSTEMPATH/CodeIgniter.php(361): CodeIgniter\CodeIgniter->handleRequest()
11 FCPATH/index.php(83): CodeIgniter\CodeIgniter->run()
ERROR - 2025-12-04 13:15:38 --> mysqli_sql_exception: Duplicate column name 'estimated_arrival' in /home/tlouelea/domains/truckersafrica.com/public_html/system/Database/MySQLi/Connection.php:306
Stack trace:
#0 /home/tlouelea/domains/truckersafrica.com/public_html/system/Database/MySQLi/Connection.php(306): mysqli->query()
#1 /home/tlouelea/domains/truckersafrica.com/public_html/system/Database/BaseConnection.php(693): CodeIgniter\Database\MySQLi\Connection->execute()
#2 /home/tlouelea/domains/truckersafrica.com/public_html/system/Database/BaseConnection.php(607): CodeIgniter\Database\BaseConnection->simpleQuery()
#3 /home/tlouelea/domains/truckersafrica.com/public_html/system/Database/BaseBuilder.php(1700): CodeIgniter\Database\BaseConnection->query()
#4 /home/tlouelea/domains/truckersafrica.com/public_html/system/Model.php(624): CodeIgniter\Database\BaseBuilder->countAllResults()
#5 /home/tlouelea/domains/truckersafrica.com/public_html/system/BaseModel.php(1239): CodeIgniter\Model->countAllResults()
#6 /home/tlouelea/domains/truckersafrica.com/public_html/app/Controllers/MerchantDashboard.php(127): CodeIgniter\BaseModel->paginate()
#7 /home/tlouelea/domains/truckersafrica.com/public_html/system/CodeIgniter.php(941): App\Controllers\MerchantDashboard->orders()
#8 /home/tlouelea/domains/truckersafrica.com/public_html/system/CodeIgniter.php(502): CodeIgniter\CodeIgniter->runController()
#9 /home/tlouelea/domains/truckersafrica.com/public_html/system/CodeIgniter.php(361): CodeIgniter\CodeIgniter->handleRequest()
#10 /home/tlouelea/domains/truckersafrica.com/public_html/index.php(83): CodeIgniter\CodeIgniter->run()
#11 {main}
CRITICAL - 2025-12-04 13:15:38 --> CodeIgniter\Database\Exceptions\DatabaseException: Duplicate column name 'estimated_arrival'
in SYSTEMPATH/Database/BaseConnection.php on line 647.
 1 SYSTEMPATH/Database/BaseBuilder.php(1700): CodeIgniter\Database\BaseConnection->query()
 2 SYSTEMPATH/Model.php(624): CodeIgniter\Database\BaseBuilder->countAllResults()
 3 SYSTEMPATH/BaseModel.php(1239): CodeIgniter\Model->countAllResults()
 4 APPPATH/Controllers/MerchantDashboard.php(127): CodeIgniter\BaseModel->paginate()
 5 SYSTEMPATH/CodeIgniter.php(941): App\Controllers\MerchantDashboard->orders()
 6 SYSTEMPATH/CodeIgniter.php(502): CodeIgniter\CodeIgniter->runController()
 7 SYSTEMPATH/CodeIgniter.php(361): CodeIgniter\CodeIgniter->handleRequest()
 8 FCPATH/index.php(83): CodeIgniter\CodeIgniter->run()
CRITICAL - 2025-12-04 13:15:38 --> [Caused by] CodeIgniter\Database\Exceptions\DatabaseException: Duplicate column name 'estimated_arrival'
in SYSTEMPATH/Database/MySQLi/Connection.php on line 311.
 1 SYSTEMPATH/Database/BaseConnection.php(693): CodeIgniter\Database\MySQLi\Connection->execute()
 2 SYSTEMPATH/Database/BaseConnection.php(607): CodeIgniter\Database\BaseConnection->simpleQuery()
 3 SYSTEMPATH/Database/BaseBuilder.php(1700): CodeIgniter\Database\BaseConnection->query()
 4 SYSTEMPATH/Model.php(624): CodeIgniter\Database\BaseBuilder->countAllResults()
 5 SYSTEMPATH/BaseModel.php(1239): CodeIgniter\Model->countAllResults()
 6 APPPATH/Controllers/MerchantDashboard.php(127): CodeIgniter\BaseModel->paginate()
 7 SYSTEMPATH/CodeIgniter.php(941): App\Controllers\MerchantDashboard->orders()
 8 SYSTEMPATH/CodeIgniter.php(502): CodeIgniter\CodeIgniter->runController()
 9 SYSTEMPATH/CodeIgniter.php(361): CodeIgniter\CodeIgniter->handleRequest()
10 FCPATH/index.php(83): CodeIgniter\CodeIgniter->run()
CRITICAL - 2025-12-04 13:15:38 --> [Caused by] mysqli_sql_exception: Duplicate column name 'estimated_arrival'
in SYSTEMPATH/Database/MySQLi/Connection.php on line 306.
 1 SYSTEMPATH/Database/MySQLi/Connection.php(306): mysqli->query()
 2 SYSTEMPATH/Database/BaseConnection.php(693): CodeIgniter\Database\MySQLi\Connection->execute()
 3 SYSTEMPATH/Database/BaseConnection.php(607): CodeIgniter\Database\BaseConnection->simpleQuery()
 4 SYSTEMPATH/Database/BaseBuilder.php(1700): CodeIgniter\Database\BaseConnection->query()
 5 SYSTEMPATH/Model.php(624): CodeIgniter\Database\BaseBuilder->countAllResults()
 6 SYSTEMPATH/BaseModel.php(1239): CodeIgniter\Model->countAllResults()
 7 APPPATH/Controllers/MerchantDashboard.php(127): CodeIgniter\BaseModel->paginate()
 8 SYSTEMPATH/CodeIgniter.php(941): App\Controllers\MerchantDashboard->orders()
 9 SYSTEMPATH/CodeIgniter.php(502): CodeIgniter\CodeIgniter->runController()
10 SYSTEMPATH/CodeIgniter.php(361): CodeIgniter\CodeIgniter->handleRequest()
11 FCPATH/index.php(83): CodeIgniter\CodeIgniter->run()
ERROR - 2025-12-04 13:47:51 --> mysqli_sql_exception: Duplicate column name 'estimated_arrival' in /home/tlouelea/domains/truckersafrica.com/public_html/system/Database/MySQLi/Connection.php:306
Stack trace:
#0 /home/tlouelea/domains/truckersafrica.com/public_html/system/Database/MySQLi/Connection.php(306): mysqli->query()
#1 /home/tlouelea/domains/truckersafrica.com/public_html/system/Database/BaseConnection.php(693): CodeIgniter\Database\MySQLi\Connection->execute()
#2 /home/tlouelea/domains/truckersafrica.com/public_html/system/Database/BaseConnection.php(607): CodeIgniter\Database\BaseConnection->simpleQuery()
#3 /home/tlouelea/domains/truckersafrica.com/public_html/system/Database/BaseBuilder.php(1700): CodeIgniter\Database\BaseConnection->query()
#4 /home/tlouelea/domains/truckersafrica.com/public_html/system/Model.php(624): CodeIgniter\Database\BaseBuilder->countAllResults()
#5 /home/tlouelea/domains/truckersafrica.com/public_html/system/BaseModel.php(1239): CodeIgniter\Model->countAllResults()
#6 /home/tlouelea/domains/truckersafrica.com/public_html/app/Controllers/MerchantDashboard.php(127): CodeIgniter\BaseModel->paginate()
#7 /home/tlouelea/domains/truckersafrica.com/public_html/system/CodeIgniter.php(941): App\Controllers\MerchantDashboard->orders()
#8 /home/tlouelea/domains/truckersafrica.com/public_html/system/CodeIgniter.php(502): CodeIgniter\CodeIgniter->runController()
#9 /home/tlouelea/domains/truckersafrica.com/public_html/system/CodeIgniter.php(361): CodeIgniter\CodeIgniter->handleRequest()
#10 /home/tlouelea/domains/truckersafrica.com/public_html/index.php(83): CodeIgniter\CodeIgniter->run()
#11 {main}
CRITICAL - 2025-12-04 13:47:51 --> CodeIgniter\Database\Exceptions\DatabaseException: Duplicate column name 'estimated_arrival'
in SYSTEMPATH/Database/BaseConnection.php on line 647.
 1 SYSTEMPATH/Database/BaseBuilder.php(1700): CodeIgniter\Database\BaseConnection->query()
 2 SYSTEMPATH/Model.php(624): CodeIgniter\Database\BaseBuilder->countAllResults()
 3 SYSTEMPATH/BaseModel.php(1239): CodeIgniter\Model->countAllResults()
 4 APPPATH/Controllers/MerchantDashboard.php(127): CodeIgniter\BaseModel->paginate()
 5 SYSTEMPATH/CodeIgniter.php(941): App\Controllers\MerchantDashboard->orders()
 6 SYSTEMPATH/CodeIgniter.php(502): CodeIgniter\CodeIgniter->runController()
 7 SYSTEMPATH/CodeIgniter.php(361): CodeIgniter\CodeIgniter->handleRequest()
 8 FCPATH/index.php(83): CodeIgniter\CodeIgniter->run()
CRITICAL - 2025-12-04 13:47:51 --> [Caused by] CodeIgniter\Database\Exceptions\DatabaseException: Duplicate column name 'estimated_arrival'
in SYSTEMPATH/Database/MySQLi/Connection.php on line 311.
 1 SYSTEMPATH/Database/BaseConnection.php(693): CodeIgniter\Database\MySQLi\Connection->execute()
 2 SYSTEMPATH/Database/BaseConnection.php(607): CodeIgniter\Database\BaseConnection->simpleQuery()
 3 SYSTEMPATH/Database/BaseBuilder.php(1700): CodeIgniter\Database\BaseConnection->query()
 4 SYSTEMPATH/Model.php(624): CodeIgniter\Database\BaseBuilder->countAllResults()
 5 SYSTEMPATH/BaseModel.php(1239): CodeIgniter\Model->countAllResults()
 6 APPPATH/Controllers/MerchantDashboard.php(127): CodeIgniter\BaseModel->paginate()
 7 SYSTEMPATH/CodeIgniter.php(941): App\Controllers\MerchantDashboard->orders()
 8 SYSTEMPATH/CodeIgniter.php(502): CodeIgniter\CodeIgniter->runController()
 9 SYSTEMPATH/CodeIgniter.php(361): CodeIgniter\CodeIgniter->handleRequest()
10 FCPATH/index.php(83): CodeIgniter\CodeIgniter->run()
CRITICAL - 2025-12-04 13:47:51 --> [Caused by] mysqli_sql_exception: Duplicate column name 'estimated_arrival'
in SYSTEMPATH/Database/MySQLi/Connection.php on line 306.
 1 SYSTEMPATH/Database/MySQLi/Connection.php(306): mysqli->query()
 2 SYSTEMPATH/Database/BaseConnection.php(693): CodeIgniter\Database\MySQLi\Connection->execute()
 3 SYSTEMPATH/Database/BaseConnection.php(607): CodeIgniter\Database\BaseConnection->simpleQuery()
 4 SYSTEMPATH/Database/BaseBuilder.php(1700): CodeIgniter\Database\BaseConnection->query()
 5 SYSTEMPATH/Model.php(624): CodeIgniter\Database\BaseBuilder->countAllResults()
 6 SYSTEMPATH/BaseModel.php(1239): CodeIgniter\Model->countAllResults()
 7 APPPATH/Controllers/MerchantDashboard.php(127): CodeIgniter\BaseModel->paginate()
 8 SYSTEMPATH/CodeIgniter.php(941): App\Controllers\MerchantDashboard->orders()
 9 SYSTEMPATH/CodeIgniter.php(502): CodeIgniter\CodeIgniter->runController()
10 SYSTEMPATH/CodeIgniter.php(361): CodeIgniter\CodeIgniter->handleRequest()
11 FCPATH/index.php(83): CodeIgniter\CodeIgniter->run()
ERROR - 2025-12-04 14:24:50 --> mysqli_sql_exception: Duplicate column name 'estimated_arrival' in /home/tlouelea/domains/truckersafrica.com/public_html/system/Database/MySQLi/Connection.php:306
Stack trace:
#0 /home/tlouelea/domains/truckersafrica.com/public_html/system/Database/MySQLi/Connection.php(306): mysqli->query()
#1 /home/tlouelea/domains/truckersafrica.com/public_html/system/Database/BaseConnection.php(693): CodeIgniter\Database\MySQLi\Connection->execute()
#2 /home/tlouelea/domains/truckersafrica.com/public_html/system/Database/BaseConnection.php(607): CodeIgniter\Database\BaseConnection->simpleQuery()
#3 /home/tlouelea/domains/truckersafrica.com/public_html/system/Database/BaseBuilder.php(1700): CodeIgniter\Database\BaseConnection->query()
#4 /home/tlouelea/domains/truckersafrica.com/public_html/system/Model.php(624): CodeIgniter\Database\BaseBuilder->countAllResults()
#5 /home/tlouelea/domains/truckersafrica.com/public_html/system/BaseModel.php(1239): CodeIgniter\Model->countAllResults()
#6 /home/tlouelea/domains/truckersafrica.com/public_html/app/Controllers/MerchantDashboard.php(127): CodeIgniter\BaseModel->paginate()
#7 /home/tlouelea/domains/truckersafrica.com/public_html/system/CodeIgniter.php(941): App\Controllers\MerchantDashboard->orders()
#8 /home/tlouelea/domains/truckersafrica.com/public_html/system/CodeIgniter.php(502): CodeIgniter\CodeIgniter->runController()
#9 /home/tlouelea/domains/truckersafrica.com/public_html/system/CodeIgniter.php(361): CodeIgniter\CodeIgniter->handleRequest()
#10 /home/tlouelea/domains/truckersafrica.com/public_html/index.php(83): CodeIgniter\CodeIgniter->run()
#11 {main}
CRITICAL - 2025-12-04 14:24:50 --> CodeIgniter\Database\Exceptions\DatabaseException: Duplicate column name 'estimated_arrival'
in SYSTEMPATH/Database/BaseConnection.php on line 647.
 1 SYSTEMPATH/Database/BaseBuilder.php(1700): CodeIgniter\Database\BaseConnection->query()
 2 SYSTEMPATH/Model.php(624): CodeIgniter\Database\BaseBuilder->countAllResults()
 3 SYSTEMPATH/BaseModel.php(1239): CodeIgniter\Model->countAllResults()
 4 APPPATH/Controllers/MerchantDashboard.php(127): CodeIgniter\BaseModel->paginate()
 5 SYSTEMPATH/CodeIgniter.php(941): App\Controllers\MerchantDashboard->orders()
 6 SYSTEMPATH/CodeIgniter.php(502): CodeIgniter\CodeIgniter->runController()
 7 SYSTEMPATH/CodeIgniter.php(361): CodeIgniter\CodeIgniter->handleRequest()
 8 FCPATH/index.php(83): CodeIgniter\CodeIgniter->run()
CRITICAL - 2025-12-04 14:24:50 --> [Caused by] CodeIgniter\Database\Exceptions\DatabaseException: Duplicate column name 'estimated_arrival'
in SYSTEMPATH/Database/MySQLi/Connection.php on line 311.
 1 SYSTEMPATH/Database/BaseConnection.php(693): CodeIgniter\Database\MySQLi\Connection->execute()
 2 SYSTEMPATH/Database/BaseConnection.php(607): CodeIgniter\Database\BaseConnection->simpleQuery()
 3 SYSTEMPATH/Database/BaseBuilder.php(1700): CodeIgniter\Database\BaseConnection->query()
 4 SYSTEMPATH/Model.php(624): CodeIgniter\Database\BaseBuilder->countAllResults()
 5 SYSTEMPATH/BaseModel.php(1239): CodeIgniter\Model->countAllResults()
 6 APPPATH/Controllers/MerchantDashboard.php(127): CodeIgniter\BaseModel->paginate()
 7 SYSTEMPATH/CodeIgniter.php(941): App\Controllers\MerchantDashboard->orders()
 8 SYSTEMPATH/CodeIgniter.php(502): CodeIgniter\CodeIgniter->runController()
 9 SYSTEMPATH/CodeIgniter.php(361): CodeIgniter\CodeIgniter->handleRequest()
10 FCPATH/index.php(83): CodeIgniter\CodeIgniter->run()
CRITICAL - 2025-12-04 14:24:50 --> [Caused by] mysqli_sql_exception: Duplicate column name 'estimated_arrival'
in SYSTEMPATH/Database/MySQLi/Connection.php on line 306.
 1 SYSTEMPATH/Database/MySQLi/Connection.php(306): mysqli->query()
 2 SYSTEMPATH/Database/BaseConnection.php(693): CodeIgniter\Database\MySQLi\Connection->execute()
 3 SYSTEMPATH/Database/BaseConnection.php(607): CodeIgniter\Database\BaseConnection->simpleQuery()
 4 SYSTEMPATH/Database/BaseBuilder.php(1700): CodeIgniter\Database\BaseConnection->query()
 5 SYSTEMPATH/Model.php(624): CodeIgniter\Database\BaseBuilder->countAllResults()
 6 SYSTEMPATH/BaseModel.php(1239): CodeIgniter\Model->countAllResults()
 7 APPPATH/Controllers/MerchantDashboard.php(127): CodeIgniter\BaseModel->paginate()
 8 SYSTEMPATH/CodeIgniter.php(941): App\Controllers\MerchantDashboard->orders()
 9 SYSTEMPATH/CodeIgniter.php(502): CodeIgniter\CodeIgniter->runController()
10 SYSTEMPATH/CodeIgniter.php(361): CodeIgniter\CodeIgniter->handleRequest()
11 FCPATH/index.php(83): CodeIgniter\CodeIgniter->run()
